Using pre-set license
Built from '2020.3/staging' branch; Version is '2020.3.21f1 (a38c86f6690f) revision 10718342'; Using compiler version '192528614'; Build Type 'Release'
OS: 'Windows 10 Pro; OS build 19043.1348; Version 2009; 64bit' Language: 'ru' Physical Memory: 16316 MB
BatchMode: 1, IsHumanControllingUs: 0, StartBugReporterOnCrash: 0, Is64bit: 1, IsPro: 0

COMMAND LINE ARGUMENTS:
D:\UnityEditor\2020.3.21f1\Editor\Unity.exe
-adb2
-batchMode
-noUpm
-name
AssetImportWorker0
-projectPath
D:/Unity_Projects/RedLight_GreenLight
-logFile
Logs/AssetImportWorker0.log
-srvPort
63277
Successfully changed project path to: D:/Unity_Projects/RedLight_GreenLight
D:/Unity_Projects/RedLight_GreenLight
Using Asset Import Pipeline V2.
Refreshing native plugins compatible for Editor in 238.35 ms, found 2 plugins.
Preloading 0 native plugins for Editor in 0.00 ms.
Initialize engine version: 2020.3.21f1 (a38c86f6690f)
[Subsystems] Discovering subsystems at path D:/UnityEditor/2020.3.21f1/Editor/Data/Resources/UnitySubsystems
[Subsystems] Discovering subsystems at path D:/Unity_Projects/RedLight_GreenLight/Assets
GfxDevice: creating device client; threaded=0
Direct3D:
    Version:  Direct3D 11.0 [level 11.1]
    Renderer: NVIDIA GeForce GTX 1050 Ti (ID=0x1c82)
    Vendor:   
    VRAM:     4018 MB
    Driver:   30.0.14.7239
Initialize mono
Mono path[0] = 'D:/UnityEditor/2020.3.21f1/Editor/Data/Managed'
Mono path[1] = 'D:/UnityEditor/2020.3.21f1/Editor/Data/MonoBleedingEdge/lib/mono/unityjit'
Mono config path = 'D:/UnityEditor/2020.3.21f1/Editor/Data/MonoBleedingEdge/etc'
Using monoOptions --debugger-agent=transport=dt_socket,embedding=1,server=y,suspend=n,address=127.0.0.1:56884
Begin MonoManager ReloadAssembly
Registering precompiled unity dll's ...
Register platform support module: D:/UnityEditor/2020.3.21f1/Editor/Data/PlaybackEngines/WindowsStandaloneSupport/UnityEditor.WindowsStandalone.Extensions.dll
Registered in 0.160960 seconds.
Native extension for WindowsStandalone target not found
Refreshing native plugins compatible for Editor in 65.15 ms, found 2 plugins.
Preloading 0 native plugins for Editor in 0.00 ms.
Mono: successfully reloaded assembly
- Completed reload, in  5.997 seconds
Domain Reload Profiling:
	ReloadAssembly (5998ms)
		BeginReloadAssembly (2999ms)
			ExecutionOrderSort (0ms)
			DisableScriptedObjects (0ms)
			BackupInstance (0ms)
			ReleaseScriptingObjects (0ms)
			CreateAndSetChildDomain (1ms)
		EndReloadAssembly (1046ms)
			LoadAssemblies (2997ms)
			RebuildTransferFunctionScriptingTraits (0ms)
			SetupTypeCache (554ms)
			ReleaseScriptCaches (0ms)
			RebuildScriptCaches (53ms)
			SetupLoadedEditorAssemblies (274ms)
				LogAssemblyErrors (0ms)
				InitializePlatformSupportModulesInManaged (5ms)
				SetLoadedEditorAssemblies (0ms)
				RefreshPlugins (65ms)
				BeforeProcessingInitializeOnLoad (26ms)
				ProcessInitializeOnLoadAttributes (126ms)
				ProcessInitializeOnLoadMethodAttributes (49ms)
				AfterProcessingInitializeOnLoad (0ms)
				EditorAssembliesLoaded (0ms)
			ExecutionOrderSort2 (0ms)
			AwakeInstancesAfterBackupRestoration (0ms)
Platform modules already initialized, skipping
Registering precompiled user dll's ...
Registered in 0.741513 seconds.
Begin MonoManager ReloadAssembly
Native extension for WindowsStandalone target not found
Refreshing native plugins compatible for Editor in 0.79 ms, found 2 plugins.
Preloading 0 native plugins for Editor in 0.00 ms.
Mono: successfully reloaded assembly
- Completed reload, in  4.878 seconds
Domain Reload Profiling:
	ReloadAssembly (4883ms)
		BeginReloadAssembly (222ms)
			ExecutionOrderSort (0ms)
			DisableScriptedObjects (8ms)
			BackupInstance (0ms)
			ReleaseScriptingObjects (0ms)
			CreateAndSetChildDomain (25ms)
		EndReloadAssembly (4573ms)
			LoadAssemblies (1863ms)
			RebuildTransferFunctionScriptingTraits (0ms)
			SetupTypeCache (1111ms)
			ReleaseScriptCaches (1ms)
			RebuildScriptCaches (70ms)
			SetupLoadedEditorAssemblies (1374ms)
				LogAssemblyErrors (0ms)
				InitializePlatformSupportModulesInManaged (7ms)
				SetLoadedEditorAssemblies (1ms)
				RefreshPlugins (1ms)
				BeforeProcessingInitializeOnLoad (127ms)
				ProcessInitializeOnLoadAttributes (519ms)
				ProcessInitializeOnLoadMethodAttributes (715ms)
				AfterProcessingInitializeOnLoad (4ms)
				EditorAssembliesLoaded (0ms)
			ExecutionOrderSort2 (0ms)
			AwakeInstancesAfterBackupRestoration (10ms)
Platform modules already initialized, skipping
========================================================================
Worker process is ready to serve import requests
Launched and connected shader compiler UnityShaderCompiler.exe after 0.12 seconds
Refreshing native plugins compatible for Editor in 0.66 ms, found 2 plugins.
Preloading 0 native plugins for Editor in 0.00 ms.
Unloading 1623 Unused Serialized files (Serialized files now loaded: 0)
System memory in use before: 92.7 MB.
System memory in use after: 92.8 MB.

Unloading 32 unused Assets to reduce memory usage. Loaded Objects now: 2072.
Total: 4.273900 ms (FindLiveObjects: 0.169000 ms CreateObjectMapping: 0.078900 ms MarkObjects: 3.932600 ms  DeleteObjects: 0.091400 ms)

AssetImportParameters requested are different than current active one (requested -> active):
  custom:framework-win-MediaFoundation: 216162199b28c13a410421893ffa2e32 -> 
  custom:video-decoder-ogg-theora: a1e56fd34408186e4bbccfd4996cb3dc -> 
  custom:container-muxer-webm: aa71ff27fc2769a1b78a27578f13a17b -> 
  custom:container-demuxer-webm: 4f35f7cbe854078d1ac9338744f61a02 -> 
  custom:container-demuxer-ogg: 62fdf1f143b41e24485cea50d1cbac27 -> 
  custom:video-encoder-webm-vp8: eb34c28f22e8b96e1ab97ce403110664 -> 
  custom:video-decoder-webm-vp8: 9c59270c3fd7afecdb556c50c9e8de78 -> 
  custom:audio-decoder-ogg-vorbis: bf7c407c2cedff20999df2af8eb42d56 -> 
  custom:audio-encoder-webm-vorbis: bf7c407c2cedff20999df2af8eb42d56 -> 
========================================================================
Received Import Request.
  path: Assets/Clock2/Materials/MTRL_Clock2.mat
  artifactKey: Guid(c800e52efbb52c640a405698e15318e0) Importer(815301076,1909f56bfc062723c751e8b465ee728b)
Start importing Assets/Clock2/Materials/MTRL_Clock2.mat using Guid(c800e52efbb52c640a405698e15318e0) Importer(815301076,1909f56bfc062723c751e8b465ee728b)  -> (artifact id: 'a4cbe0d41f179ea222b02e862e727503') in 1.107920 seconds 
  Import took 1.112300 seconds .

========================================================================
Received Import Request.
  Time since last request: 2.188248 seconds.
  path: Assets/Clock2/Textures/TXTR_Clock2_AlbedoTransparency.png
  artifactKey: Guid(ec200c9320a44734084e6cc99f13ccf3) Importer(815301076,1909f56bfc062723c751e8b465ee728b)
Start importing Assets/Clock2/Textures/TXTR_Clock2_AlbedoTransparency.png using Guid(ec200c9320a44734084e6cc99f13ccf3) Importer(815301076,1909f56bfc062723c751e8b465ee728b)  -> (artifact id: '6b8beba04bc6f42e80f47395336eb45f') in 0.135773 seconds 
  Import took 0.154663 seconds .

========================================================================
Received Import Request.
  Time since last request: 0.000335 seconds.
  path: Assets/Clock2/Textures/TXTR_Clock2_MetallicSmoothness.png
  artifactKey: Guid(a63c2d6ccb7484a478475f87bbe5d489) Importer(815301076,1909f56bfc062723c751e8b465ee728b)
Start importing Assets/Clock2/Textures/TXTR_Clock2_MetallicSmoothness.png using Guid(a63c2d6ccb7484a478475f87bbe5d489) Importer(815301076,1909f56bfc062723c751e8b465ee728b)  -> (artifact id: 'fb5fe9542fbbd2a9c4f5f50b2e7a3386') in 0.088481 seconds 
  Import took 0.091611 seconds .

========================================================================
Received Import Request.
  Time since last request: 0.000271 seconds.
  path: Assets/Clock2/Textures/TXTR_Clock2_AO.png
  artifactKey: Guid(ad7762eee4dd9684fb553a4326704343) Importer(815301076,1909f56bfc062723c751e8b465ee728b)
Start importing Assets/Clock2/Textures/TXTR_Clock2_AO.png using Guid(ad7762eee4dd9684fb553a4326704343) Importer(815301076,1909f56bfc062723c751e8b465ee728b)  -> (artifact id: '0dde48d9a4df6d73d248ab15912b167b') in 0.071437 seconds 
  Import took 0.083796 seconds .

========================================================================
Received Import Request.
  Time since last request: 0.000255 seconds.
  path: Assets/Clock2/Textures/TXTR_Clock2_Normal.png
  artifactKey: Guid(27ba05b223bf6694f9a3dacf7f38239c) Importer(815301076,1909f56bfc062723c751e8b465ee728b)
Start importing Assets/Clock2/Textures/TXTR_Clock2_Normal.png using Guid(27ba05b223bf6694f9a3dacf7f38239c) Importer(815301076,1909f56bfc062723c751e8b465ee728b)  -> (artifact id: '2fd5d0c2ed5fe7e49dee67c485b0ad9d') in 0.074382 seconds 
  Import took 0.085256 seconds .

========================================================================
Received Import Request.
  Time since last request: 3.235863 seconds.
  path: Assets/CLock_Wall/Clock_Textures/ClockCase.mat
  artifactKey: Guid(38f6a0530902c1c4685707fb78e00592) Importer(815301076,1909f56bfc062723c751e8b465ee728b)
Start importing Assets/CLock_Wall/Clock_Textures/ClockCase.mat using Guid(38f6a0530902c1c4685707fb78e00592) Importer(815301076,1909f56bfc062723c751e8b465ee728b)  -> (artifact id: '044a56f0a723fe26a11c7590f3ebadb2') in 0.573468 seconds 
  Import took 0.586025 seconds .

========================================================================
Received Import Request.
  Time since last request: 0.000304 seconds.
  path: Assets/CLock_Wall/Clock_Textures/ClockFace.mat
  artifactKey: Guid(bfb29f6b51d8cc045afe53221b53a333) Importer(815301076,1909f56bfc062723c751e8b465ee728b)
Start importing Assets/CLock_Wall/Clock_Textures/ClockFace.mat using Guid(bfb29f6b51d8cc045afe53221b53a333) Importer(815301076,1909f56bfc062723c751e8b465ee728b)  -> (artifact id: 'b1da2fff2a7871894a02b36776e22d8e') in 0.284309 seconds 
  Import took 0.287314 seconds .

========================================================================
Received Import Request.
  Time since last request: 0.000325 seconds.
  path: Assets/CLock_Wall/Clock_Textures/MoonDial.mat
  artifactKey: Guid(c4303fab8b4708f47a9bf94e21ff91a2) Importer(815301076,1909f56bfc062723c751e8b465ee728b)
Start importing Assets/CLock_Wall/Clock_Textures/MoonDial.mat using Guid(c4303fab8b4708f47a9bf94e21ff91a2) Importer(815301076,1909f56bfc062723c751e8b465ee728b)  -> (artifact id: '81f468601630a8aba0926e6a9fc4befc') in 0.186155 seconds 
  Import took 0.189372 seconds .

========================================================================
Received Prepare
Refreshing native plugins compatible for Editor in 9.20 ms, found 2 plugins.
Preloading 0 native plugins for Editor in 0.00 ms.
Unloading 25 Unused Serialized files (Serialized files now loaded: 0)
System memory in use before: 64.4 MB.
System memory in use after: 64.5 MB.

Unloading 25 unused Assets to reduce memory usage. Loaded Objects now: 2114.
Total: 4.861000 ms (FindLiveObjects: 0.201200 ms CreateObjectMapping: 0.077800 ms MarkObjects: 4.555900 ms  DeleteObjects: 0.024400 ms)

AssetImportParameters requested are different than current active one (requested -> active):
  custom:framework-win-MediaFoundation: 216162199b28c13a410421893ffa2e32 -> 
  custom:video-decoder-ogg-theora: a1e56fd34408186e4bbccfd4996cb3dc -> 
  custom:container-muxer-webm: aa71ff27fc2769a1b78a27578f13a17b -> 
  custom:container-demuxer-webm: 4f35f7cbe854078d1ac9338744f61a02 -> 
  custom:container-demuxer-ogg: 62fdf1f143b41e24485cea50d1cbac27 -> 
  custom:video-encoder-webm-vp8: eb34c28f22e8b96e1ab97ce403110664 -> 
  custom:video-decoder-webm-vp8: 9c59270c3fd7afecdb556c50c9e8de78 -> 
  custom:audio-decoder-ogg-vorbis: bf7c407c2cedff20999df2af8eb42d56 -> 
  custom:audio-encoder-webm-vorbis: bf7c407c2cedff20999df2af8eb42d56 -> 
========================================================================
Received Prepare
Refreshing native plugins compatible for Editor in 8.83 ms, found 2 plugins.
Preloading 0 native plugins for Editor in 0.00 ms.
Unloading 25 Unused Serialized files (Serialized files now loaded: 0)
System memory in use before: 64.4 MB.
System memory in use after: 64.5 MB.

Unloading 25 unused Assets to reduce memory usage. Loaded Objects now: 2114.
Total: 5.197100 ms (FindLiveObjects: 0.256000 ms CreateObjectMapping: 0.083700 ms MarkObjects: 4.828400 ms  DeleteObjects: 0.026600 ms)

AssetImportParameters requested are different than current active one (requested -> active):
  custom:framework-win-MediaFoundation: 216162199b28c13a410421893ffa2e32 -> 
  custom:video-decoder-ogg-theora: a1e56fd34408186e4bbccfd4996cb3dc -> 
  custom:container-muxer-webm: aa71ff27fc2769a1b78a27578f13a17b -> 
  custom:container-demuxer-webm: 4f35f7cbe854078d1ac9338744f61a02 -> 
  custom:container-demuxer-ogg: 62fdf1f143b41e24485cea50d1cbac27 -> 
  custom:video-encoder-webm-vp8: eb34c28f22e8b96e1ab97ce403110664 -> 
  custom:video-decoder-webm-vp8: 9c59270c3fd7afecdb556c50c9e8de78 -> 
  custom:audio-decoder-ogg-vorbis: bf7c407c2cedff20999df2af8eb42d56 -> 
  custom:audio-encoder-webm-vorbis: bf7c407c2cedff20999df2af8eb42d56 -> 
AssetImportWorkerClient::OnTransportError - code=2 error=End of file
